2026-01-20 21:29:33,474 - INFO - Added file: C:/Users/Lance/Downloads/2024 01 Selections/iMak_2024 01 SL Selections.xlsx
2026-01-20 21:29:33,474 - INFO - Added file: C:/Users/Lance/Downloads/2024 01 Selections/tan_.xlsx
2026-01-20 21:29:33,475 - INFO - Added file: C:/Users/Lance/Downloads/2024 01 Selections/Duerksen_2025 10 SL Selections Template.xlsx
2026-01-20 21:29:33,475 - INFO - Added file: C:/Users/Lance/Downloads/2024 01 Selections/Da Qi_2024 01 SL Selections Template.xlsx
2026-01-20 21:29:33,475 - INFO - Added file: C:/Users/Lance/Downloads/2024 01 Selections/Duic_2024 01 SL Revisiion #2 Selections Template.xlsx
2026-01-20 21:29:33,475 - INFO - Added file: C:/Users/Lance/Downloads/2024 01 Selections/Phalpher_2024 01 SL Selections Template.xlsx
2026-01-20 21:29:33,475 - INFO - Added file: C:/Users/Lance/Downloads/2024 01 Selections/GRENIER JANUARY.xlsx
2026-01-20 21:29:33,475 - INFO - Added file: C:/Users/Lance/Downloads/2024 01 Selections/SHUM_2024 01 SL Selections Template-.xlsx
2026-01-20 21:29:33,475 - INFO - Added file: C:/Users/Lance/Downloads/2024 01 Selections/IKONNIKOV_2024 01 SL Selections Template.xlsx
2026-01-20 21:29:33,475 - INFO - Added file: C:/Users/Lance/Downloads/2024 01 Selections/Lee_2024 01 SL Selections Template copy.xlsx
2026-01-20 21:29:33,475 - INFO - Added file: C:/Users/Lance/Downloads/2024 01 Selections/Feng_2024 01 SL Selections Template.xlsx
2026-01-20 21:29:33,475 - INFO - Added file: C:/Users/Lance/Downloads/2024 01 Selections/Puri_2024 01.xlsx
2026-01-20 21:29:33,475 - INFO - Added file: C:/Users/Lance/Downloads/2024 01 Selections/Topaz_2024 01 SL Selections Template.xlsx
2026-01-20 21:29:33,475 - INFO - Added file: C:/Users/Lance/Downloads/2024 01 Selections/Lau_2024 01 SL Selections Template.xlsx
2026-01-20 21:29:33,475 - INFO - Added file: C:/Users/Lance/Downloads/2024 01 Selections/Chan_2024 01 SL Selections.xlsx
2026-01-20 21:29:33,475 - INFO - Added file: C:/Users/Lance/Downloads/2024 01 Selections/Charnish_2024 01 SL excel.xlsx
2026-01-20 21:29:33,475 - INFO - Added file: C:/Users/Lance/Downloads/2024 01 Selections/Gannage 2024 01 SL Selections Template_REVISED .xlsx
2026-01-20 21:29:33,475 - INFO - Added file: C:/Users/Lance/Downloads/2024 01 Selections/Ho_2024 01 SL Selections Template-.xlsx
2026-01-20 21:29:33,475 - INFO - Added file: C:/Users/Lance/Downloads/2024 01 Selections/Hui_2024 01 SL Selections 1a.xlsx
2026-01-20 21:29:33,475 - INFO - Added file: C:/Users/Lance/Downloads/2024 01 Selections/Leung_2024 01 SL Selections Template.xlsx
2026-01-20 21:29:33,475 - INFO - Added file: C:/Users/Lance/Downloads/2024 01 Selections/Shin_2024 01 SL Selections.xlsx
2026-01-20 21:29:33,475 - INFO - Added file: C:/Users/Lance/Downloads/2024 01 Selections/Silverstein_2024 01 Revised Selections Template.xlsx
2026-01-20 21:29:33,475 - INFO - Added file: C:/Users/Lance/Downloads/2024 01 Selections/Sommer_2024 01 SL Selections.xlsx
2026-01-20 21:29:33,475 - INFO - Added file: C:/Users/Lance/Downloads/2024 01 Selections/Waghmare_2024 01 SL Selections Template.xlsx
2026-01-20 21:29:33,475 - INFO - Added file: C:/Users/Lance/Downloads/2024 01 Selections/Yue_2024 01 SL Selections Template.xlsx
2026-01-20 21:29:36,249 - INFO - Set output path: C:/Users/Lance/Downloads/2024 01 Selections/master.xlsx
2026-01-20 21:29:48,321 - INFO - Schedule saved to C:/Users/Lance/Downloads/2024 01 Selections/master.xlsx
2026-01-21 22:43:47,664 - INFO - Added file: C:/Users/Lance/Downloads/2024 01 Selections/iMak_2024 01 SL Selections.xlsx
2026-01-21 22:43:51,726 - INFO - Set output path: C:/Users/Lance/Downloads/2024 01 Selections/master.xlsx
2026-01-21 22:43:52,281 - INFO - Processing file: C:/Users/Lance/Downloads/2024 01 Selections/iMak_2024 01 SL Selections.xlsx
2026-01-21 22:43:52,296 - INFO - Processing preferences for: iMak
2026-01-21 22:43:52,308 - INFO - iMak shift ranges - Min: None, Ideal: None, Max: None
2026-01-21 22:43:52,308 - ERROR - CRITICAL: iMak in file C:/Users/Lance/Downloads/2024 01 Selections/iMak_2024 01 SL Selections.xlsx has missing shift range values!
2026-01-21 22:43:52,309 - ERROR -   Min shifts (B42): None
2026-01-21 22:43:52,309 - ERROR -   Ideal shifts (B43): None
2026-01-21 22:43:52,309 - ERROR -   Max shifts (B44): None
2026-01-21 22:43:52,309 - WARNING -   Using defaults for iMak: Min=0, Max=31
2026-01-21 22:43:52,719 - INFO - Successfully processed iMak: 101 preferences loaded
2026-01-21 22:43:52,722 - INFO - Starting schedule generation...
2026-01-21 22:43:52,722 - INFO - Total physicians: 1
2026-01-21 22:43:52,722 - INFO - Total dates: 31
2026-01-21 22:43:52,722 - INFO - Date range: 2024-01-01 to 2024-01-31
2026-01-21 22:43:52,788 - INFO - Schedule saved to C:/Users/Lance/Downloads/2024 01 Selections/master.xlsx
2026-01-23 16:54:39,945 - INFO - Added file: C:/Users/Lance/Downloads/2026 01 Selections/Adamson_2026 01 SL Selections Template_REV.xlsx
2026-01-23 16:54:39,946 - INFO - Added file: C:/Users/Lance/Downloads/2026 01 Selections/Chan 2026 01 SL Selections .xlsx
2026-01-23 16:54:39,946 - INFO - Added file: C:/Users/Lance/Downloads/2026 01 Selections/Da Qi_2026 01 SL Selections Template.xlsx
2026-01-23 16:54:39,946 - INFO - Added file: C:/Users/Lance/Downloads/2026 01 Selections/Duerksen 2026 01 SL Selections Template.xlsx
2026-01-23 16:54:39,946 - INFO - Added file: C:/Users/Lance/Downloads/2026 01 Selections/Feng_2026 01 SL Selections Template.xlsx
2026-01-23 16:54:39,946 - INFO - Added file: C:/Users/Lance/Downloads/2026 01 Selections/Gannage 2026 01 SL Selections Template_REV.xlsx
2026-01-23 16:54:39,946 - INFO - Added file: C:/Users/Lance/Downloads/2026 01 Selections/GRENIER 2026 01 SL Selections Template.xlsx
2026-01-23 16:54:39,946 - INFO - Added file: C:/Users/Lance/Downloads/2026 01 Selections/Ho_2026 01 SL Selections Template.xlsx
2026-01-23 16:54:39,946 - INFO - Added file: C:/Users/Lance/Downloads/2026 01 Selections/Hui 2026 01 SL Selections.xlsx
2026-01-23 16:54:39,946 - INFO - Added file: C:/Users/Lance/Downloads/2026 01 Selections/IKONNIKOV_JAN2026_REV.xlsx
2026-01-23 16:54:39,946 - INFO - Added file: C:/Users/Lance/Downloads/2026 01 Selections/iMak_2026 01 SL Selections.xlsx
2026-01-23 16:54:39,946 - INFO - Added file: C:/Users/Lance/Downloads/2026 01 Selections/Lau 2026 01 SL Selections.xlsx
2026-01-23 16:54:39,946 - INFO - Added file: C:/Users/Lance/Downloads/2026 01 Selections/Lee_2026 01 SL Selections Template.xlsx
2026-01-23 16:54:39,946 - INFO - Added file: C:/Users/Lance/Downloads/2026 01 Selections/Leung_2026 01 SL Selections Template.xlsx
2026-01-23 16:54:39,946 - INFO - Added file: C:/Users/Lance/Downloads/2026 01 Selections/Sethuraman_2026 01 SL Selections_REV.xlsx
2026-01-23 16:54:39,946 - INFO - Added file: C:/Users/Lance/Downloads/2026 01 Selections/Shin_2026 01 SL Selections.xlsx
2026-01-23 16:54:39,946 - INFO - Added file: C:/Users/Lance/Downloads/2026 01 Selections/SHUM_2026 01 SL Selections Template.xlsx
2026-01-23 16:54:39,946 - INFO - Added file: C:/Users/Lance/Downloads/2026 01 Selections/Silverstein_2026 01 SL Selections Template.xlsx
2026-01-23 16:54:39,946 - INFO - Added file: C:/Users/Lance/Downloads/2026 01 Selections/Sommer_2026 01 SL Selections Template.xlsx
2026-01-23 16:54:39,946 - INFO - Added file: C:/Users/Lance/Downloads/2026 01 Selections/Tan_2026 01 SL Selections Template.xlsx
2026-01-23 16:54:39,946 - INFO - Added file: C:/Users/Lance/Downloads/2026 01 Selections/Van Heer_2026 01 SL Selections.xlsx
2026-01-23 16:54:39,946 - INFO - Added file: C:/Users/Lance/Downloads/2026 01 Selections/Waghmare_2026 01 SL Selections Template_.xlsx
2026-01-23 16:54:39,946 - INFO - Added file: C:/Users/Lance/Downloads/2026 01 Selections/Yue_2026 01 SL Selections Template.xlsx
2026-01-23 16:56:15,101 - INFO - Cleared all files
2026-01-23 16:56:19,586 - INFO - Added file: C:/Users/Lance/Downloads/2026 01 Selections/Puri_2024 01.xlsx
2026-01-23 16:56:19,586 - INFO - Added file: C:/Users/Lance/Downloads/2026 01 Selections/Adamson_2026 01 SL Selections Template_REV.xlsx
2026-01-23 16:56:19,586 - INFO - Added file: C:/Users/Lance/Downloads/2026 01 Selections/Chan 2026 01 SL Selections .xlsx
2026-01-23 16:56:19,586 - INFO - Added file: C:/Users/Lance/Downloads/2026 01 Selections/Da Qi_2026 01 SL Selections Template.xlsx
2026-01-23 16:56:19,586 - INFO - Added file: C:/Users/Lance/Downloads/2026 01 Selections/Duerksen 2026 01 SL Selections Template.xlsx
2026-01-23 16:56:19,586 - INFO - Added file: C:/Users/Lance/Downloads/2026 01 Selections/Feng_2026 01 SL Selections Template.xlsx
2026-01-23 16:56:19,586 - INFO - Added file: C:/Users/Lance/Downloads/2026 01 Selections/Gannage 2026 01 SL Selections Template_REV.xlsx
2026-01-23 16:56:19,587 - INFO - Added file: C:/Users/Lance/Downloads/2026 01 Selections/GRENIER 2026 01 SL Selections Template.xlsx
2026-01-23 16:56:19,587 - INFO - Added file: C:/Users/Lance/Downloads/2026 01 Selections/Ho_2026 01 SL Selections Template.xlsx
2026-01-23 16:56:19,587 - INFO - Added file: C:/Users/Lance/Downloads/2026 01 Selections/Hui 2026 01 SL Selections.xlsx
2026-01-23 16:56:19,587 - INFO - Added file: C:/Users/Lance/Downloads/2026 01 Selections/IKONNIKOV_JAN2026_REV.xlsx
2026-01-23 16:56:19,587 - INFO - Added file: C:/Users/Lance/Downloads/2026 01 Selections/iMak_2026 01 SL Selections.xlsx
2026-01-23 16:56:19,587 - INFO - Added file: C:/Users/Lance/Downloads/2026 01 Selections/Lau 2026 01 SL Selections.xlsx
2026-01-23 16:56:19,587 - INFO - Added file: C:/Users/Lance/Downloads/2026 01 Selections/Lee_2026 01 SL Selections Template.xlsx
2026-01-23 16:56:19,587 - INFO - Added file: C:/Users/Lance/Downloads/2026 01 Selections/Leung_2026 01 SL Selections Template.xlsx
2026-01-23 16:56:19,587 - INFO - Added file: C:/Users/Lance/Downloads/2026 01 Selections/Sethuraman_2026 01 SL Selections_REV.xlsx
2026-01-23 16:56:19,587 - INFO - Added file: C:/Users/Lance/Downloads/2026 01 Selections/Shin_2026 01 SL Selections.xlsx
2026-01-23 16:56:19,587 - INFO - Added file: C:/Users/Lance/Downloads/2026 01 Selections/SHUM_2026 01 SL Selections Template.xlsx
2026-01-23 16:56:19,587 - INFO - Added file: C:/Users/Lance/Downloads/2026 01 Selections/Silverstein_2026 01 SL Selections Template.xlsx
2026-01-23 16:56:19,587 - INFO - Added file: C:/Users/Lance/Downloads/2026 01 Selections/Sommer_2026 01 SL Selections Template.xlsx
2026-01-23 16:56:19,587 - INFO - Added file: C:/Users/Lance/Downloads/2026 01 Selections/Tan_2026 01 SL Selections Template.xlsx
2026-01-23 16:56:19,587 - INFO - Added file: C:/Users/Lance/Downloads/2026 01 Selections/Van Heer_2026 01 SL Selections.xlsx
2026-01-23 16:56:19,587 - INFO - Added file: C:/Users/Lance/Downloads/2026 01 Selections/Waghmare_2026 01 SL Selections Template_.xlsx
2026-01-23 16:56:19,587 - INFO - Added file: C:/Users/Lance/Downloads/2026 01 Selections/Yue_2026 01 SL Selections Template.xlsx
2026-01-23 16:56:22,898 - INFO - Set output path: C:/Users/Lance/Downloads/2026 01 Selections/master.xlsx
2026-01-23 16:56:23,466 - INFO - Processing file: C:/Users/Lance/Downloads/2026 01 Selections/Puri_2024 01.xlsx
2026-01-23 16:56:23,473 - INFO - Processing preferences for: Puri
2026-01-23 16:56:23,486 - INFO - Puri shift ranges - Min: 20, Ideal: 20, Max: 25
2026-01-23 16:56:23,877 - INFO - Successfully processed Puri: 20 preferences loaded
2026-01-23 16:56:23,877 - INFO - Processing file: C:/Users/Lance/Downloads/2026 01 Selections/Adamson_2026 01 SL Selections Template_REV.xlsx
2026-01-23 16:56:23,883 - INFO - Processing preferences for: Adamson
2026-01-23 16:56:23,894 - INFO - Adamson shift ranges - Min: 0, Ideal: 2, Max: 2
2026-01-23 16:56:24,279 - INFO - Successfully processed Adamson: 15 preferences loaded
2026-01-23 16:56:24,280 - INFO - Processing file: C:/Users/Lance/Downloads/2026 01 Selections/Chan 2026 01 SL Selections .xlsx
2026-01-23 16:56:24,285 - INFO - Processing preferences for: CHAN
2026-01-23 16:56:24,296 - INFO - CHAN shift ranges - Min: None, Ideal: 14, Max: None
2026-01-23 16:56:24,296 - ERROR - CRITICAL: CHAN in file C:/Users/Lance/Downloads/2026 01 Selections/Chan 2026 01 SL Selections .xlsx has missing shift range values!
2026-01-23 16:56:24,296 - ERROR -   Min shifts (B42): None
2026-01-23 16:56:24,296 - ERROR -   Ideal shifts (B43): 14
2026-01-23 16:56:24,296 - ERROR -   Max shifts (B44): None
2026-01-23 16:56:24,296 - WARNING -   Using defaults for CHAN: Min=0, Max=31
2026-01-23 16:56:24,711 - INFO - Successfully processed CHAN: 85 preferences loaded
2026-01-23 16:56:24,711 - INFO - Processing file: C:/Users/Lance/Downloads/2026 01 Selections/Da Qi_2026 01 SL Selections Template.xlsx
2026-01-23 16:56:24,718 - INFO - Processing preferences for: Da Qi
2026-01-23 16:56:24,729 - INFO - Da Qi shift ranges - Min: 13.0, Ideal: 14.0, Max: 15.0
2026-01-23 16:56:25,126 - INFO - Successfully processed Da Qi: 243 preferences loaded
2026-01-23 16:56:25,126 - INFO - Processing file: C:/Users/Lance/Downloads/2026 01 Selections/Duerksen 2026 01 SL Selections Template.xlsx
2026-01-23 16:56:25,132 - INFO - Processing preferences for: Anthony Duerksen
2026-01-23 16:56:25,142 - INFO - Anthony Duerksen shift ranges - Min: 2, Ideal: 4, Max: 5
2026-01-23 16:56:25,560 - INFO - Successfully processed Anthony Duerksen: 279 preferences loaded
2026-01-23 16:56:25,560 - INFO - Processing file: C:/Users/Lance/Downloads/2026 01 Selections/Feng_2026 01 SL Selections Template.xlsx
2026-01-23 16:56:25,567 - INFO - Processing preferences for: Feng
2026-01-23 16:56:25,578 - INFO - Feng shift ranges - Min: 12.0, Ideal: 12.0, Max: 15.0
2026-01-23 16:56:25,985 - INFO - Successfully processed Feng: 136 preferences loaded
2026-01-23 16:56:25,985 - INFO - Processing file: C:/Users/Lance/Downloads/2026 01 Selections/Gannage 2026 01 SL Selections Template_REV.xlsx
2026-01-23 16:56:25,991 - INFO - Processing preferences for: Gannage
2026-01-23 16:56:26,001 - INFO - Gannage shift ranges - Min: 12, Ideal: 13, Max: None
2026-01-23 16:56:26,001 - ERROR - CRITICAL: Gannage in file C:/Users/Lance/Downloads/2026 01 Selections/Gannage 2026 01 SL Selections Template_REV.xlsx has missing shift range values!
2026-01-23 16:56:26,001 - ERROR -   Min shifts (B42): 12
2026-01-23 16:56:26,001 - ERROR -   Ideal shifts (B43): 13
2026-01-23 16:56:26,002 - ERROR -   Max shifts (B44): None
2026-01-23 16:56:26,002 - WARNING -   Using defaults for Gannage: Min=12, Max=31
2026-01-23 16:56:26,388 - INFO - Successfully processed Gannage: 117 preferences loaded
2026-01-23 16:56:26,388 - INFO - Processing file: C:/Users/Lance/Downloads/2026 01 Selections/GRENIER 2026 01 SL Selections Template.xlsx
2026-01-23 16:56:26,393 - INFO - Processing preferences for: GRENIER
2026-01-23 16:56:26,404 - INFO - GRENIER shift ranges - Min: 4, Ideal: 4, Max: None
2026-01-23 16:56:26,404 - ERROR - CRITICAL: GRENIER in file C:/Users/Lance/Downloads/2026 01 Selections/GRENIER 2026 01 SL Selections Template.xlsx has missing shift range values!
2026-01-23 16:56:26,404 - ERROR -   Min shifts (B42): 4
2026-01-23 16:56:26,404 - ERROR -   Ideal shifts (B43): 4
2026-01-23 16:56:26,404 - ERROR -   Max shifts (B44): None
2026-01-23 16:56:26,404 - WARNING -   Using defaults for GRENIER: Min=4, Max=31
2026-01-23 16:56:26,805 - INFO - Successfully processed GRENIER: 18 preferences loaded
2026-01-23 16:56:26,805 - INFO - Processing file: C:/Users/Lance/Downloads/2026 01 Selections/Ho_2026 01 SL Selections Template.xlsx
2026-01-23 16:56:26,811 - INFO - Processing preferences for: Ho
2026-01-23 16:56:26,821 - INFO - Ho shift ranges - Min: 12, Ideal: 12, Max: 12
2026-01-23 16:56:27,217 - INFO - Successfully processed Ho: 12 preferences loaded
2026-01-23 16:56:27,217 - INFO - Processing file: C:/Users/Lance/Downloads/2026 01 Selections/Hui 2026 01 SL Selections.xlsx
2026-01-23 16:56:27,224 - INFO - Processing preferences for: Hui
2026-01-23 16:56:27,235 - INFO - Hui shift ranges - Min: 10, Ideal: 17, Max: 22
2026-01-23 16:56:27,643 - INFO - Successfully processed Hui: 39 preferences loaded
2026-01-23 16:56:27,643 - INFO - Processing file: C:/Users/Lance/Downloads/2026 01 Selections/IKONNIKOV_JAN2026_REV.xlsx
2026-01-23 16:56:27,649 - INFO - Processing preferences for: IKONNIKOV
2026-01-23 16:56:27,660 - INFO - IKONNIKOV shift ranges - Min: 8, Ideal: 12, Max: 14
2026-01-23 16:56:28,053 - INFO - Successfully processed IKONNIKOV: 90 preferences loaded
2026-01-23 16:56:28,053 - INFO - Processing file: C:/Users/Lance/Downloads/2026 01 Selections/iMak_2026 01 SL Selections.xlsx
2026-01-23 16:56:28,059 - INFO - Processing preferences for: iMak
2026-01-23 16:56:28,082 - INFO - iMak shift ranges - Min: 9, Ideal: 10, Max: 11
2026-01-23 16:56:28,472 - INFO - Successfully processed iMak: 67 preferences loaded
2026-01-23 16:56:28,472 - INFO - Processing file: C:/Users/Lance/Downloads/2026 01 Selections/Lau 2026 01 SL Selections.xlsx
2026-01-23 16:56:28,478 - INFO - Processing preferences for: Lau
2026-01-23 16:56:28,489 - INFO - Lau shift ranges - Min: 6, Ideal: 7, Max: 8
2026-01-23 16:56:28,893 - INFO - Successfully processed Lau: 70 preferences loaded
2026-01-23 16:56:28,893 - INFO - Processing file: C:/Users/Lance/Downloads/2026 01 Selections/Lee_2026 01 SL Selections Template.xlsx
2026-01-23 16:56:28,898 - INFO - Processing preferences for: Lee
2026-01-23 16:56:28,909 - INFO - Lee shift ranges - Min: None, Ideal: 16, Max: 16
2026-01-23 16:56:28,909 - ERROR - CRITICAL: Lee in file C:/Users/Lance/Downloads/2026 01 Selections/Lee_2026 01 SL Selections Template.xlsx has missing shift range values!
2026-01-23 16:56:28,909 - ERROR -   Min shifts (B42): None
2026-01-23 16:56:28,909 - ERROR -   Ideal shifts (B43): 16
2026-01-23 16:56:28,909 - ERROR -   Max shifts (B44): 16
2026-01-23 16:56:28,909 - WARNING -   Using defaults for Lee: Min=0, Max=16
2026-01-23 16:56:29,299 - INFO - Successfully processed Lee: 96 preferences loaded
2026-01-23 16:56:29,299 - INFO - Processing file: C:/Users/Lance/Downloads/2026 01 Selections/Leung_2026 01 SL Selections Template.xlsx
2026-01-23 16:56:29,305 - INFO - Processing preferences for: Leung
2026-01-23 16:56:29,316 - INFO - Leung shift ranges - Min: 14, Ideal: 17, Max: 20
2026-01-23 16:56:29,722 - INFO - Successfully processed Leung: 175 preferences loaded
2026-01-23 16:56:29,722 - INFO - Processing file: C:/Users/Lance/Downloads/2026 01 Selections/Sethuraman_2026 01 SL Selections_REV.xlsx
2026-01-23 16:56:29,727 - INFO - Processing preferences for: Sethuraman_2026 01 SL Selections_REV
2026-01-23 16:56:29,739 - INFO - Sethuraman_2026 01 SL Selections_REV shift ranges - Min: None, Ideal: None, Max: None
2026-01-23 16:56:29,739 - ERROR - CRITICAL: Sethuraman_2026 01 SL Selections_REV in file C:/Users/Lance/Downloads/2026 01 Selections/Sethuraman_2026 01 SL Selections_REV.xlsx has missing shift range values!
2026-01-23 16:56:29,739 - ERROR -   Min shifts (B42): None
2026-01-23 16:56:29,739 - ERROR -   Ideal shifts (B43): None
2026-01-23 16:56:29,739 - ERROR -   Max shifts (B44): None
2026-01-23 16:56:29,739 - WARNING -   Using defaults for Sethuraman_2026 01 SL Selections_REV: Min=0, Max=31
2026-01-23 16:56:30,134 - INFO - Successfully processed Sethuraman_2026 01 SL Selections_REV: 12 preferences loaded
2026-01-23 16:56:30,135 - INFO - Processing file: C:/Users/Lance/Downloads/2026 01 Selections/Shin_2026 01 SL Selections.xlsx
2026-01-23 16:56:30,140 - INFO - Processing preferences for: Shin
2026-01-23 16:56:30,151 - INFO - Shin shift ranges - Min: None, Ideal: 11, Max: None
2026-01-23 16:56:30,151 - ERROR - CRITICAL: Shin in file C:/Users/Lance/Downloads/2026 01 Selections/Shin_2026 01 SL Selections.xlsx has missing shift range values!
2026-01-23 16:56:30,151 - ERROR -   Min shifts (B42): None
2026-01-23 16:56:30,151 - ERROR -   Ideal shifts (B43): 11
2026-01-23 16:56:30,151 - ERROR -   Max shifts (B44): None
2026-01-23 16:56:30,151 - WARNING -   Using defaults for Shin: Min=0, Max=31
2026-01-23 16:56:30,551 - INFO - Successfully processed Shin: 207 preferences loaded
2026-01-23 16:56:30,551 - INFO - Processing file: C:/Users/Lance/Downloads/2026 01 Selections/SHUM_2026 01 SL Selections Template.xlsx
2026-01-23 16:56:30,557 - INFO - Processing preferences for: SHUM_2026 01 SL Selections Template
2026-01-23 16:56:30,559 - INFO - SHUM_2026 01 SL Selections Template shift ranges - Min: None, Ideal: None, Max: None
2026-01-23 16:56:30,559 - ERROR - CRITICAL: SHUM_2026 01 SL Selections Template in file C:/Users/Lance/Downloads/2026 01 Selections/SHUM_2026 01 SL Selections Template.xlsx has missing shift range values!
2026-01-23 16:56:30,559 - ERROR -   Min shifts (B42): None
2026-01-23 16:56:30,559 - ERROR -   Ideal shifts (B43): None
2026-01-23 16:56:30,559 - ERROR -   Max shifts (B44): None
2026-01-23 16:56:30,559 - WARNING -   Using defaults for SHUM_2026 01 SL Selections Template: Min=0, Max=31
2026-01-23 16:56:30,559 - ERROR - Invalid month/year format in C:/Users/Lance/Downloads/2026 01 Selections/SHUM_2026 01 SL Selections Template.xlsx B5 ('None'): time data 'None' does not match format '%B %Y'
2026-01-23 16:56:30,559 - WARNING - Failed to process file: C:/Users/Lance/Downloads/2026 01 Selections/SHUM_2026 01 SL Selections Template.xlsx
2026-01-23 16:56:30,559 - INFO - Processing file: C:/Users/Lance/Downloads/2026 01 Selections/Silverstein_2026 01 SL Selections Template.xlsx
2026-01-23 16:56:30,565 - INFO - Processing preferences for: Silverstein
2026-01-23 16:56:30,576 - INFO - Silverstein shift ranges - Min: 8, Ideal: 10, Max: 14
2026-01-23 16:56:30,990 - INFO - Successfully processed Silverstein: 96 preferences loaded
2026-01-23 16:56:30,990 - INFO - Processing file: C:/Users/Lance/Downloads/2026 01 Selections/Sommer_2026 01 SL Selections Template.xlsx
2026-01-23 16:56:31,000 - INFO - Processing preferences for: sommer
2026-01-23 16:56:31,011 - INFO - sommer shift ranges - Min: 8, Ideal: 10, Max: 12
2026-01-23 16:56:31,409 - INFO - Successfully processed sommer: 123 preferences loaded
2026-01-23 16:56:31,409 - INFO - Processing file: C:/Users/Lance/Downloads/2026 01 Selections/Tan_2026 01 SL Selections Template.xlsx
2026-01-23 16:56:31,414 - INFO - Processing preferences for: Tan
2026-01-23 16:56:31,425 - INFO - Tan shift ranges - Min: 12, Ideal: 14, Max: 16
2026-01-23 16:56:31,838 - INFO - Successfully processed Tan: 182 preferences loaded
2026-01-23 16:56:31,838 - INFO - Processing file: C:/Users/Lance/Downloads/2026 01 Selections/Van Heer_2026 01 SL Selections.xlsx
2026-01-23 16:56:31,844 - INFO - Processing preferences for: Van Heer
2026-01-23 16:56:31,855 - INFO - Van Heer shift ranges - Min: 4, Ideal: 6, Max: 8
2026-01-23 16:56:32,245 - INFO - Successfully processed Van Heer: 67 preferences loaded
2026-01-23 16:56:32,245 - INFO - Processing file: C:/Users/Lance/Downloads/2026 01 Selections/Waghmare_2026 01 SL Selections Template_.xlsx
2026-01-23 16:56:32,253 - INFO - Processing preferences for: Waghmare
2026-01-23 16:56:32,263 - INFO - Waghmare shift ranges - Min: 13, Ideal: 13, Max: 14
2026-01-23 16:56:32,675 - INFO - Successfully processed Waghmare: 162 preferences loaded
2026-01-23 16:56:32,675 - INFO - Processing file: C:/Users/Lance/Downloads/2026 01 Selections/Yue_2026 01 SL Selections Template.xlsx
2026-01-23 16:56:32,680 - INFO - Processing preferences for: Yue
2026-01-23 16:56:32,691 - INFO - Yue shift ranges - Min: 1, Ideal: 1, Max: 2
2026-01-23 16:56:33,091 - INFO - Successfully processed Yue: 12 preferences loaded
2026-01-23 16:56:33,097 - INFO - Starting schedule generation...
2026-01-23 16:56:33,098 - INFO - Total physicians: 24
2026-01-23 16:56:33,098 - INFO - Total dates: 31
2026-01-23 16:56:33,098 - INFO - Date range: 2026-01-01 to 2026-01-31
2026-01-23 16:56:34,398 - INFO - Schedule saved to C:/Users/Lance/Downloads/2026 01 Selections/master.xlsx
2026-01-23 16:58:49,601 - INFO - Processing file: C:/Users/Lance/Downloads/2026 01 Selections/Puri_2024 01.xlsx
2026-01-23 16:58:49,608 - INFO - Processing preferences for: Puri
2026-01-23 16:58:49,623 - INFO - Puri shift ranges - Min: 20, Ideal: 20, Max: 25
2026-01-23 16:58:50,007 - INFO - Successfully processed Puri: 21 preferences loaded
2026-01-23 16:58:50,008 - INFO - Processing file: C:/Users/Lance/Downloads/2026 01 Selections/Adamson_2026 01 SL Selections Template_REV.xlsx
2026-01-23 16:58:50,014 - INFO - Processing preferences for: Adamson
2026-01-23 16:58:50,024 - INFO - Adamson shift ranges - Min: 0, Ideal: 2, Max: 2
2026-01-23 16:58:50,432 - INFO - Successfully processed Adamson: 15 preferences loaded
2026-01-23 16:58:50,432 - INFO - Processing file: C:/Users/Lance/Downloads/2026 01 Selections/Chan 2026 01 SL Selections .xlsx
2026-01-23 16:58:50,438 - INFO - Processing preferences for: CHAN
2026-01-23 16:58:50,448 - INFO - CHAN shift ranges - Min: None, Ideal: 14, Max: None
2026-01-23 16:58:50,449 - ERROR - CRITICAL: CHAN in file C:/Users/Lance/Downloads/2026 01 Selections/Chan 2026 01 SL Selections .xlsx has missing shift range values!
2026-01-23 16:58:50,449 - ERROR -   Min shifts (B42): None
2026-01-23 16:58:50,449 - ERROR -   Ideal shifts (B43): 14
2026-01-23 16:58:50,449 - ERROR -   Max shifts (B44): None
2026-01-23 16:58:50,449 - WARNING -   Using defaults for CHAN: Min=0, Max=31
2026-01-23 16:58:50,852 - INFO - Successfully processed CHAN: 85 preferences loaded
2026-01-23 16:58:50,852 - INFO - Processing file: C:/Users/Lance/Downloads/2026 01 Selections/Da Qi_2026 01 SL Selections Template.xlsx
2026-01-23 16:58:50,859 - INFO - Processing preferences for: Da Qi
2026-01-23 16:58:50,886 - INFO - Da Qi shift ranges - Min: 13.0, Ideal: 14.0, Max: 15.0
2026-01-23 16:58:51,289 - INFO - Successfully processed Da Qi: 243 preferences loaded
2026-01-23 16:58:51,289 - INFO - Processing file: C:/Users/Lance/Downloads/2026 01 Selections/Duerksen 2026 01 SL Selections Template.xlsx
2026-01-23 16:58:51,295 - INFO - Processing preferences for: Anthony Duerksen
2026-01-23 16:58:51,306 - INFO - Anthony Duerksen shift ranges - Min: 2, Ideal: 4, Max: 5
2026-01-23 16:58:51,730 - INFO - Successfully processed Anthony Duerksen: 279 preferences loaded
2026-01-23 16:58:51,730 - INFO - Processing file: C:/Users/Lance/Downloads/2026 01 Selections/Feng_2026 01 SL Selections Template.xlsx
2026-01-23 16:58:51,738 - INFO - Processing preferences for: Feng
2026-01-23 16:58:51,749 - INFO - Feng shift ranges - Min: 12.0, Ideal: 12.0, Max: 15.0
2026-01-23 16:58:52,147 - INFO - Successfully processed Feng: 136 preferences loaded
2026-01-23 16:58:52,147 - INFO - Processing file: C:/Users/Lance/Downloads/2026 01 Selections/Gannage 2026 01 SL Selections Template_REV.xlsx
2026-01-23 16:58:52,153 - INFO - Processing preferences for: Gannage
2026-01-23 16:58:52,164 - INFO - Gannage shift ranges - Min: 12, Ideal: 13, Max: None
2026-01-23 16:58:52,164 - ERROR - CRITICAL: Gannage in file C:/Users/Lance/Downloads/2026 01 Selections/Gannage 2026 01 SL Selections Template_REV.xlsx has missing shift range values!
2026-01-23 16:58:52,164 - ERROR -   Min shifts (B42): 12
2026-01-23 16:58:52,164 - ERROR -   Ideal shifts (B43): 13
2026-01-23 16:58:52,164 - ERROR -   Max shifts (B44): None
2026-01-23 16:58:52,164 - WARNING -   Using defaults for Gannage: Min=12, Max=31
2026-01-23 16:58:52,566 - INFO - Successfully processed Gannage: 117 preferences loaded
2026-01-23 16:58:52,566 - INFO - Processing file: C:/Users/Lance/Downloads/2026 01 Selections/GRENIER 2026 01 SL Selections Template.xlsx
2026-01-23 16:58:52,572 - INFO - Processing preferences for: GRENIER
2026-01-23 16:58:52,583 - INFO - GRENIER shift ranges - Min: 4, Ideal: 4, Max: None
2026-01-23 16:58:52,583 - ERROR - CRITICAL: GRENIER in file C:/Users/Lance/Downloads/2026 01 Selections/GRENIER 2026 01 SL Selections Template.xlsx has missing shift range values!
2026-01-23 16:58:52,583 - ERROR -   Min shifts (B42): 4
2026-01-23 16:58:52,583 - ERROR -   Ideal shifts (B43): 4
2026-01-23 16:58:52,583 - ERROR -   Max shifts (B44): None
2026-01-23 16:58:52,583 - WARNING -   Using defaults for GRENIER: Min=4, Max=31
2026-01-23 16:58:52,984 - INFO - Successfully processed GRENIER: 18 preferences loaded
2026-01-23 16:58:52,985 - INFO - Processing file: C:/Users/Lance/Downloads/2026 01 Selections/Ho_2026 01 SL Selections Template.xlsx
2026-01-23 16:58:52,990 - INFO - Processing preferences for: Ho
2026-01-23 16:58:53,002 - INFO - Ho shift ranges - Min: 12, Ideal: 12, Max: 12
2026-01-23 16:58:53,395 - INFO - Successfully processed Ho: 12 preferences loaded
2026-01-23 16:58:53,395 - INFO - Processing file: C:/Users/Lance/Downloads/2026 01 Selections/Hui 2026 01 SL Selections.xlsx
2026-01-23 16:58:53,401 - INFO - Processing preferences for: Hui
2026-01-23 16:58:53,413 - INFO - Hui shift ranges - Min: 10, Ideal: 17, Max: 22
2026-01-23 16:58:53,828 - INFO - Successfully processed Hui: 39 preferences loaded
2026-01-23 16:58:53,829 - INFO - Processing file: C:/Users/Lance/Downloads/2026 01 Selections/IKONNIKOV_JAN2026_REV.xlsx
2026-01-23 16:58:53,834 - INFO - Processing preferences for: IKONNIKOV
2026-01-23 16:58:53,845 - INFO - IKONNIKOV shift ranges - Min: 8, Ideal: 12, Max: 14
2026-01-23 16:58:54,243 - INFO - Successfully processed IKONNIKOV: 90 preferences loaded
2026-01-23 16:58:54,243 - INFO - Processing file: C:/Users/Lance/Downloads/2026 01 Selections/iMak_2026 01 SL Selections.xlsx
2026-01-23 16:58:54,249 - INFO - Processing preferences for: iMak
2026-01-23 16:58:54,260 - INFO - iMak shift ranges - Min: 9, Ideal: 10, Max: 11
2026-01-23 16:58:54,671 - INFO - Successfully processed iMak: 67 preferences loaded
2026-01-23 16:58:54,671 - INFO - Processing file: C:/Users/Lance/Downloads/2026 01 Selections/Lau 2026 01 SL Selections.xlsx
2026-01-23 16:58:54,677 - INFO - Processing preferences for: Lau
2026-01-23 16:58:54,689 - INFO - Lau shift ranges - Min: 6, Ideal: 7, Max: 8
2026-01-23 16:58:55,117 - INFO - Successfully processed Lau: 70 preferences loaded
2026-01-23 16:58:55,117 - INFO - Processing file: C:/Users/Lance/Downloads/2026 01 Selections/Lee_2026 01 SL Selections Template.xlsx
2026-01-23 16:58:55,123 - INFO - Processing preferences for: Lee
2026-01-23 16:58:55,134 - INFO - Lee shift ranges - Min: None, Ideal: 16, Max: 16
2026-01-23 16:58:55,134 - ERROR - CRITICAL: Lee in file C:/Users/Lance/Downloads/2026 01 Selections/Lee_2026 01 SL Selections Template.xlsx has missing shift range values!
2026-01-23 16:58:55,134 - ERROR -   Min shifts (B42): None
2026-01-23 16:58:55,134 - ERROR -   Ideal shifts (B43): 16
2026-01-23 16:58:55,134 - ERROR -   Max shifts (B44): 16
2026-01-23 16:58:55,134 - WARNING -   Using defaults for Lee: Min=0, Max=16
2026-01-23 16:58:55,538 - INFO - Successfully processed Lee: 96 preferences loaded
2026-01-23 16:58:55,538 - INFO - Processing file: C:/Users/Lance/Downloads/2026 01 Selections/Leung_2026 01 SL Selections Template.xlsx
2026-01-23 16:58:55,543 - INFO - Processing preferences for: Leung
2026-01-23 16:58:55,555 - INFO - Leung shift ranges - Min: 14, Ideal: 17, Max: 20
2026-01-23 16:58:55,967 - INFO - Successfully processed Leung: 175 preferences loaded
2026-01-23 16:58:55,967 - INFO - Processing file: C:/Users/Lance/Downloads/2026 01 Selections/Sethuraman_2026 01 SL Selections_REV.xlsx
2026-01-23 16:58:55,973 - INFO - Processing preferences for: Sethuraman_2026 01 SL Selections_REV
2026-01-23 16:58:55,984 - INFO - Sethuraman_2026 01 SL Selections_REV shift ranges - Min: None, Ideal: None, Max: None
2026-01-23 16:58:55,984 - ERROR - CRITICAL: Sethuraman_2026 01 SL Selections_REV in file C:/Users/Lance/Downloads/2026 01 Selections/Sethuraman_2026 01 SL Selections_REV.xlsx has missing shift range values!
2026-01-23 16:58:55,984 - ERROR -   Min shifts (B42): None
2026-01-23 16:58:55,984 - ERROR -   Ideal shifts (B43): None
2026-01-23 16:58:55,984 - ERROR -   Max shifts (B44): None
2026-01-23 16:58:55,985 - WARNING -   Using defaults for Sethuraman_2026 01 SL Selections_REV: Min=0, Max=31
2026-01-23 16:58:56,373 - INFO - Successfully processed Sethuraman_2026 01 SL Selections_REV: 12 preferences loaded
2026-01-23 16:58:56,373 - INFO - Processing file: C:/Users/Lance/Downloads/2026 01 Selections/Shin_2026 01 SL Selections.xlsx
2026-01-23 16:58:56,379 - INFO - Processing preferences for: Shin
2026-01-23 16:58:56,389 - INFO - Shin shift ranges - Min: None, Ideal: 11, Max: None
2026-01-23 16:58:56,389 - ERROR - CRITICAL: Shin in file C:/Users/Lance/Downloads/2026 01 Selections/Shin_2026 01 SL Selections.xlsx has missing shift range values!
2026-01-23 16:58:56,389 - ERROR -   Min shifts (B42): None
2026-01-23 16:58:56,389 - ERROR -   Ideal shifts (B43): 11
2026-01-23 16:58:56,389 - ERROR -   Max shifts (B44): None
2026-01-23 16:58:56,389 - WARNING -   Using defaults for Shin: Min=0, Max=31
2026-01-23 16:58:56,806 - INFO - Successfully processed Shin: 207 preferences loaded
2026-01-23 16:58:56,806 - INFO - Processing file: C:/Users/Lance/Downloads/2026 01 Selections/SHUM_2026 01 SL Selections Template.xlsx
2026-01-23 16:58:56,812 - INFO - Processing preferences for: SHUM_2026 01 SL Selections Template
2026-01-23 16:58:56,814 - INFO - SHUM_2026 01 SL Selections Template shift ranges - Min: None, Ideal: None, Max: None
2026-01-23 16:58:56,814 - ERROR - CRITICAL: SHUM_2026 01 SL Selections Template in file C:/Users/Lance/Downloads/2026 01 Selections/SHUM_2026 01 SL Selections Template.xlsx has missing shift range values!
2026-01-23 16:58:56,814 - ERROR -   Min shifts (B42): None
2026-01-23 16:58:56,814 - ERROR -   Ideal shifts (B43): None
2026-01-23 16:58:56,814 - ERROR -   Max shifts (B44): None
2026-01-23 16:58:56,814 - WARNING -   Using defaults for SHUM_2026 01 SL Selections Template: Min=0, Max=31
2026-01-23 16:58:56,814 - ERROR - Invalid month/year format in C:/Users/Lance/Downloads/2026 01 Selections/SHUM_2026 01 SL Selections Template.xlsx B5 ('None'): time data 'None' does not match format '%B %Y'
2026-01-23 16:58:56,814 - WARNING - Failed to process file: C:/Users/Lance/Downloads/2026 01 Selections/SHUM_2026 01 SL Selections Template.xlsx
2026-01-23 16:58:56,814 - INFO - Processing file: C:/Users/Lance/Downloads/2026 01 Selections/Silverstein_2026 01 SL Selections Template.xlsx
2026-01-23 16:58:56,820 - INFO - Processing preferences for: Silverstein
2026-01-23 16:58:56,831 - INFO - Silverstein shift ranges - Min: 8, Ideal: 10, Max: 14
2026-01-23 16:58:57,232 - INFO - Successfully processed Silverstein: 96 preferences loaded
2026-01-23 16:58:57,233 - INFO - Processing file: C:/Users/Lance/Downloads/2026 01 Selections/Sommer_2026 01 SL Selections Template.xlsx
2026-01-23 16:58:57,238 - INFO - Processing preferences for: sommer
2026-01-23 16:58:57,250 - INFO - sommer shift ranges - Min: 8, Ideal: 10, Max: 12
2026-01-23 16:58:57,664 - INFO - Successfully processed sommer: 123 preferences loaded
2026-01-23 16:58:57,664 - INFO - Processing file: C:/Users/Lance/Downloads/2026 01 Selections/Tan_2026 01 SL Selections Template.xlsx
2026-01-23 16:58:57,670 - INFO - Processing preferences for: Tan
2026-01-23 16:58:57,681 - INFO - Tan shift ranges - Min: 12, Ideal: 14, Max: 16
2026-01-23 16:58:58,102 - INFO - Successfully processed Tan: 182 preferences loaded
2026-01-23 16:58:58,102 - INFO - Processing file: C:/Users/Lance/Downloads/2026 01 Selections/Van Heer_2026 01 SL Selections.xlsx
2026-01-23 16:58:58,108 - INFO - Processing preferences for: Van Heer
2026-01-23 16:58:58,119 - INFO - Van Heer shift ranges - Min: 4, Ideal: 6, Max: 8
2026-01-23 16:58:58,516 - INFO - Successfully processed Van Heer: 67 preferences loaded
2026-01-23 16:58:58,516 - INFO - Processing file: C:/Users/Lance/Downloads/2026 01 Selections/Waghmare_2026 01 SL Selections Template_.xlsx
2026-01-23 16:58:58,524 - INFO - Processing preferences for: Waghmare
2026-01-23 16:58:58,535 - INFO - Waghmare shift ranges - Min: 13, Ideal: 13, Max: 14
2026-01-23 16:58:58,955 - INFO - Successfully processed Waghmare: 162 preferences loaded
2026-01-23 16:58:58,955 - INFO - Processing file: C:/Users/Lance/Downloads/2026 01 Selections/Yue_2026 01 SL Selections Template.xlsx
2026-01-23 16:58:58,961 - INFO - Processing preferences for: Yue
2026-01-23 16:58:58,972 - INFO - Yue shift ranges - Min: 1, Ideal: 1, Max: 2
2026-01-23 16:58:59,370 - INFO - Successfully processed Yue: 12 preferences loaded
2026-01-23 16:58:59,370 - INFO - Starting schedule generation...
2026-01-23 16:58:59,371 - INFO - Total physicians: 24
2026-01-23 16:58:59,371 - INFO - Total dates: 31
2026-01-23 16:58:59,371 - INFO - Date range: 2026-01-01 to 2026-01-31
2026-01-23 16:59:00,702 - INFO - Schedule saved to C:/Users/Lance/Downloads/2026 01 Selections/master.xlsx
2026-01-25 21:51:48,502 - INFO - Processing file: C:/Users/Lance/Downloads/2026 01 Selections/Puri_2024 01.xlsx
2026-01-25 21:51:48,516 - INFO - Processing preferences for: Puri
2026-01-25 21:51:48,527 - INFO - Puri shift ranges - Min: 20, Ideal: 20, Max: 25
2026-01-25 21:51:48,924 - INFO - Successfully processed Puri: 21 preferences loaded
2026-01-25 21:51:48,924 - INFO - Processing file: C:/Users/Lance/Downloads/2026 01 Selections/Adamson_2026 01 SL Selections Template_REV.xlsx
2026-01-25 21:51:48,937 - INFO - Processing preferences for: Adamson
2026-01-25 21:51:48,949 - INFO - Adamson shift ranges - Min: 0, Ideal: 2, Max: 2
2026-01-25 21:51:49,345 - INFO - Successfully processed Adamson: 15 preferences loaded
2026-01-25 21:51:49,345 - INFO - Processing file: C:/Users/Lance/Downloads/2026 01 Selections/Chan 2026 01 SL Selections .xlsx
2026-01-25 21:51:49,350 - INFO - Processing preferences for: Chan
2026-01-25 21:51:49,362 - INFO - Chan shift ranges - Min: None, Ideal: 14, Max: None
2026-01-25 21:51:49,362 - ERROR - CRITICAL: Chan in file C:/Users/Lance/Downloads/2026 01 Selections/Chan 2026 01 SL Selections .xlsx has missing shift range values!
2026-01-25 21:51:49,362 - ERROR -   Min shifts (B42): None
2026-01-25 21:51:49,362 - ERROR -   Ideal shifts (B43): 14
2026-01-25 21:51:49,362 - ERROR -   Max shifts (B44): None
2026-01-25 21:51:49,362 - WARNING -   Using defaults for Chan: Min=0, Max=31
2026-01-25 21:51:49,752 - INFO - Successfully processed Chan: 85 preferences loaded
2026-01-25 21:51:49,752 - INFO - Processing file: C:/Users/Lance/Downloads/2026 01 Selections/Da Qi_2026 01 SL Selections Template.xlsx
2026-01-25 21:51:49,769 - INFO - Processing preferences for: Da Qi
2026-01-25 21:51:49,781 - INFO - Da Qi shift ranges - Min: 13.0, Ideal: 14.0, Max: 15.0
2026-01-25 21:51:50,193 - INFO - Successfully processed Da Qi: 243 preferences loaded
2026-01-25 21:51:50,193 - INFO - Processing file: C:/Users/Lance/Downloads/2026 01 Selections/Duerksen 2026 01 SL Selections Template.xlsx
2026-01-25 21:51:50,199 - INFO - Processing preferences for: Duerksen
2026-01-25 21:51:50,209 - INFO - Duerksen shift ranges - Min: 2, Ideal: 4, Max: 5
2026-01-25 21:51:50,611 - INFO - Successfully processed Duerksen: 279 preferences loaded
2026-01-25 21:51:50,611 - INFO - Processing file: C:/Users/Lance/Downloads/2026 01 Selections/Feng_2026 01 SL Selections Template.xlsx
2026-01-25 21:51:50,645 - INFO - Processing preferences for: Feng
2026-01-25 21:51:50,656 - INFO - Feng shift ranges - Min: 12.0, Ideal: 12.0, Max: 15.0
2026-01-25 21:51:51,053 - INFO - Successfully processed Feng: 136 preferences loaded
2026-01-25 21:51:51,053 - INFO - Processing file: C:/Users/Lance/Downloads/2026 01 Selections/Gannage 2026 01 SL Selections Template_REV.xlsx
2026-01-25 21:51:51,060 - INFO - Processing preferences for: Gannage
2026-01-25 21:51:51,070 - INFO - Gannage shift ranges - Min: 12, Ideal: 13, Max: None
2026-01-25 21:51:51,070 - ERROR - CRITICAL: Gannage in file C:/Users/Lance/Downloads/2026 01 Selections/Gannage 2026 01 SL Selections Template_REV.xlsx has missing shift range values!
2026-01-25 21:51:51,070 - ERROR -   Min shifts (B42): 12
2026-01-25 21:51:51,070 - ERROR -   Ideal shifts (B43): 13
2026-01-25 21:51:51,070 - ERROR -   Max shifts (B44): None
2026-01-25 21:51:51,070 - WARNING -   Using defaults for Gannage: Min=12, Max=31
2026-01-25 21:51:51,480 - INFO - Successfully processed Gannage: 117 preferences loaded
2026-01-25 21:51:51,480 - INFO - Processing file: C:/Users/Lance/Downloads/2026 01 Selections/GRENIER 2026 01 SL Selections Template.xlsx
2026-01-25 21:51:51,485 - INFO - Processing preferences for: Grenier
2026-01-25 21:51:51,496 - INFO - Grenier shift ranges - Min: 4, Ideal: 4, Max: None
2026-01-25 21:51:51,496 - ERROR - CRITICAL: Grenier in file C:/Users/Lance/Downloads/2026 01 Selections/GRENIER 2026 01 SL Selections Template.xlsx has missing shift range values!
2026-01-25 21:51:51,496 - ERROR -   Min shifts (B42): 4
2026-01-25 21:51:51,496 - ERROR -   Ideal shifts (B43): 4
2026-01-25 21:51:51,496 - ERROR -   Max shifts (B44): None
2026-01-25 21:51:51,496 - WARNING -   Using defaults for Grenier: Min=4, Max=31
2026-01-25 21:51:51,876 - INFO - Successfully processed Grenier: 18 preferences loaded
2026-01-25 21:51:51,876 - INFO - Processing file: C:/Users/Lance/Downloads/2026 01 Selections/Ho_2026 01 SL Selections Template.xlsx
2026-01-25 21:51:51,890 - INFO - Processing preferences for: Ho
2026-01-25 21:51:51,901 - INFO - Ho shift ranges - Min: 12, Ideal: 12, Max: 12
2026-01-25 21:51:52,307 - INFO - Successfully processed Ho: 12 preferences loaded
2026-01-25 21:51:52,307 - INFO - Processing file: C:/Users/Lance/Downloads/2026 01 Selections/Hui 2026 01 SL Selections.xlsx
2026-01-25 21:51:52,323 - INFO - Processing preferences for: Hui
2026-01-25 21:51:52,334 - INFO - Hui shift ranges - Min: 10, Ideal: 17, Max: 22
2026-01-25 21:51:52,730 - INFO - Successfully processed Hui: 39 preferences loaded
2026-01-25 21:51:52,730 - INFO - Processing file: C:/Users/Lance/Downloads/2026 01 Selections/IKONNIKOV_JAN2026_REV.xlsx
2026-01-25 21:51:52,735 - INFO - Processing preferences for: Ikonnikov
2026-01-25 21:51:52,746 - INFO - Ikonnikov shift ranges - Min: 8, Ideal: 12, Max: 14
2026-01-25 21:51:53,149 - INFO - Successfully processed Ikonnikov: 90 preferences loaded
2026-01-25 21:51:53,150 - INFO - Processing file: C:/Users/Lance/Downloads/2026 01 Selections/iMak_2026 01 SL Selections.xlsx
2026-01-25 21:51:53,171 - INFO - Processing preferences for: iMak
2026-01-25 21:51:53,182 - INFO - iMak shift ranges - Min: 9, Ideal: 10, Max: 11
2026-01-25 21:51:53,585 - INFO - Successfully processed iMak: 67 preferences loaded
2026-01-25 21:51:53,585 - INFO - Processing file: C:/Users/Lance/Downloads/2026 01 Selections/Lau 2026 01 SL Selections.xlsx
2026-01-25 21:51:53,598 - INFO - Processing preferences for: Lau
2026-01-25 21:51:53,609 - INFO - Lau shift ranges - Min: 6, Ideal: 7, Max: 8
2026-01-25 21:51:53,994 - INFO - Successfully processed Lau: 70 preferences loaded
2026-01-25 21:51:53,994 - INFO - Processing file: C:/Users/Lance/Downloads/2026 01 Selections/Lee_2026 01 SL Selections Template.xlsx
2026-01-25 21:51:54,007 - INFO - Processing preferences for: Lee
2026-01-25 21:51:54,018 - INFO - Lee shift ranges - Min: None, Ideal: 16, Max: 16
2026-01-25 21:51:54,018 - ERROR - CRITICAL: Lee in file C:/Users/Lance/Downloads/2026 01 Selections/Lee_2026 01 SL Selections Template.xlsx has missing shift range values!
2026-01-25 21:51:54,018 - ERROR -   Min shifts (B42): None
2026-01-25 21:51:54,018 - ERROR -   Ideal shifts (B43): 16
2026-01-25 21:51:54,018 - ERROR -   Max shifts (B44): 16
2026-01-25 21:51:54,018 - WARNING -   Using defaults for Lee: Min=0, Max=16
2026-01-25 21:51:54,417 - INFO - Successfully processed Lee: 96 preferences loaded
2026-01-25 21:51:54,417 - INFO - Processing file: C:/Users/Lance/Downloads/2026 01 Selections/Leung_2026 01 SL Selections Template.xlsx
2026-01-25 21:51:54,431 - INFO - Processing preferences for: Leung
2026-01-25 21:51:54,443 - INFO - Leung shift ranges - Min: 14, Ideal: 17, Max: 20
2026-01-25 21:51:54,841 - INFO - Successfully processed Leung: 175 preferences loaded
2026-01-25 21:51:54,841 - INFO - Processing file: C:/Users/Lance/Downloads/2026 01 Selections/Sethuraman_2026 01 SL Selections_REV.xlsx
2026-01-25 21:51:54,856 - INFO - Processing preferences for: Sethuraman_2026 01 SL Selections_REV
2026-01-25 21:51:54,869 - INFO - Sethuraman_2026 01 SL Selections_REV shift ranges - Min: None, Ideal: None, Max: None
2026-01-25 21:51:54,869 - ERROR - CRITICAL: Sethuraman_2026 01 SL Selections_REV in file C:/Users/Lance/Downloads/2026 01 Selections/Sethuraman_2026 01 SL Selections_REV.xlsx has missing shift range values!
2026-01-25 21:51:54,869 - ERROR -   Min shifts (B42): None
2026-01-25 21:51:54,869 - ERROR -   Ideal shifts (B43): None
2026-01-25 21:51:54,869 - ERROR -   Max shifts (B44): None
2026-01-25 21:51:54,869 - WARNING -   Using defaults for Sethuraman_2026 01 SL Selections_REV: Min=0, Max=31
2026-01-25 21:51:55,275 - INFO - Successfully processed Sethuraman_2026 01 SL Selections_REV: 12 preferences loaded
2026-01-25 21:51:55,276 - INFO - Processing file: C:/Users/Lance/Downloads/2026 01 Selections/Shin_2026 01 SL Selections.xlsx
2026-01-25 21:51:55,289 - INFO - Processing preferences for: Shin
2026-01-25 21:51:55,300 - INFO - Shin shift ranges - Min: None, Ideal: 11, Max: None
2026-01-25 21:51:55,300 - ERROR - CRITICAL: Shin in file C:/Users/Lance/Downloads/2026 01 Selections/Shin_2026 01 SL Selections.xlsx has missing shift range values!
2026-01-25 21:51:55,300 - ERROR -   Min shifts (B42): None
2026-01-25 21:51:55,300 - ERROR -   Ideal shifts (B43): 11
2026-01-25 21:51:55,300 - ERROR -   Max shifts (B44): None
2026-01-25 21:51:55,300 - WARNING -   Using defaults for Shin: Min=0, Max=31
2026-01-25 21:51:55,713 - INFO - Successfully processed Shin: 207 preferences loaded
2026-01-25 21:51:55,713 - INFO - Processing file: C:/Users/Lance/Downloads/2026 01 Selections/SHUM_2026 01 SL Selections Template.xlsx
2026-01-25 21:51:55,719 - INFO - Processing preferences for: SHUM
2026-01-25 21:51:55,730 - INFO - SHUM shift ranges - Min: 4, Ideal: 5, Max: 6
2026-01-25 21:51:56,136 - INFO - Successfully processed SHUM: 54 preferences loaded
2026-01-25 21:51:56,137 - INFO - Processing file: C:/Users/Lance/Downloads/2026 01 Selections/Silverstein_2026 01 SL Selections Template.xlsx
2026-01-25 21:51:56,142 - INFO - Processing preferences for: Silverstein
2026-01-25 21:51:56,153 - INFO - Silverstein shift ranges - Min: 8, Ideal: 10, Max: 14
2026-01-25 21:51:56,557 - INFO - Successfully processed Silverstein: 96 preferences loaded
2026-01-25 21:51:56,557 - INFO - Processing file: C:/Users/Lance/Downloads/2026 01 Selections/Sommer_2026 01 SL Selections Template.xlsx
2026-01-25 21:51:56,562 - INFO - Processing preferences for: Sommer
2026-01-25 21:51:56,574 - INFO - Sommer shift ranges - Min: 8, Ideal: 10, Max: 12
2026-01-25 21:51:56,965 - INFO - Successfully processed Sommer: 123 preferences loaded
2026-01-25 21:51:56,965 - INFO - Processing file: C:/Users/Lance/Downloads/2026 01 Selections/Tan_2026 01 SL Selections Template.xlsx
2026-01-25 21:51:56,979 - INFO - Processing preferences for: Tan
2026-01-25 21:51:56,992 - INFO - Tan shift ranges - Min: 12, Ideal: 14, Max: 16
2026-01-25 21:51:57,413 - INFO - Successfully processed Tan: 182 preferences loaded
2026-01-25 21:51:57,413 - INFO - Processing file: C:/Users/Lance/Downloads/2026 01 Selections/Van Heer_2026 01 SL Selections.xlsx
2026-01-25 21:51:57,428 - INFO - Processing preferences for: Van Heer
2026-01-25 21:51:57,439 - INFO - Van Heer shift ranges - Min: 4, Ideal: 6, Max: 8
2026-01-25 21:51:57,840 - INFO - Successfully processed Van Heer: 67 preferences loaded
2026-01-25 21:51:57,840 - INFO - Processing file: C:/Users/Lance/Downloads/2026 01 Selections/Waghmare_2026 01 SL Selections Template_.xlsx
2026-01-25 21:51:57,855 - INFO - Processing preferences for: Waghmare
2026-01-25 21:51:57,866 - INFO - Waghmare shift ranges - Min: 13, Ideal: 13, Max: 14
2026-01-25 21:51:58,266 - INFO - Successfully processed Waghmare: 162 preferences loaded
2026-01-25 21:51:58,266 - INFO - Processing file: C:/Users/Lance/Downloads/2026 01 Selections/Yue_2026 01 SL Selections Template.xlsx
2026-01-25 21:51:58,280 - INFO - Processing preferences for: Yue
2026-01-25 21:51:58,291 - INFO - Yue shift ranges - Min: 1, Ideal: 1, Max: 2
2026-01-25 21:51:58,702 - INFO - Successfully processed Yue: 12 preferences loaded
2026-01-25 21:51:58,788 - INFO - Starting schedule generation...
2026-01-25 21:51:58,789 - INFO - Total physicians: 24
2026-01-25 21:51:58,789 - INFO - Total dates: 31
2026-01-25 21:51:58,789 - INFO - Date range: 2026-01-01 to 2026-01-31
2026-01-25 21:52:00,262 - INFO - Schedule saved to C:/Users/Lance/Downloads/2026 01 Selections/master.xlsx
2026-01-25 21:52:24,312 - INFO - Processing file: C:/Users/Lance/Downloads/2026 01 Selections/Puri_2024 01.xlsx
2026-01-25 21:52:24,319 - INFO - Processing preferences for: Puri
2026-01-25 21:52:24,330 - INFO - Puri shift ranges - Min: 20, Ideal: 20, Max: 25
2026-01-25 21:52:24,719 - INFO - Successfully processed Puri: 21 preferences loaded
2026-01-25 21:52:24,719 - INFO - Processing file: C:/Users/Lance/Downloads/2026 01 Selections/Adamson_2026 01 SL Selections Template_REV.xlsx
2026-01-25 21:52:24,724 - INFO - Processing preferences for: Adamson
2026-01-25 21:52:24,736 - INFO - Adamson shift ranges - Min: 0, Ideal: 2, Max: 2
2026-01-25 21:52:25,140 - INFO - Successfully processed Adamson: 15 preferences loaded
2026-01-25 21:52:25,141 - INFO - Processing file: C:/Users/Lance/Downloads/2026 01 Selections/Chan 2026 01 SL Selections .xlsx
2026-01-25 21:52:25,148 - INFO - Processing preferences for: Chan
2026-01-25 21:52:25,159 - INFO - Chan shift ranges - Min: None, Ideal: 14, Max: None
2026-01-25 21:52:25,160 - ERROR - CRITICAL: Chan in file C:/Users/Lance/Downloads/2026 01 Selections/Chan 2026 01 SL Selections .xlsx has missing shift range values!
2026-01-25 21:52:25,160 - ERROR -   Min shifts (B42): None
2026-01-25 21:52:25,160 - ERROR -   Ideal shifts (B43): 14
2026-01-25 21:52:25,160 - ERROR -   Max shifts (B44): None
2026-01-25 21:52:25,160 - WARNING -   Using defaults for Chan: Min=0, Max=31
2026-01-25 21:52:25,576 - INFO - Successfully processed Chan: 85 preferences loaded
2026-01-25 21:52:25,576 - INFO - Processing file: C:/Users/Lance/Downloads/2026 01 Selections/Da Qi_2026 01 SL Selections Template.xlsx
2026-01-25 21:52:25,583 - INFO - Processing preferences for: Da Qi
2026-01-25 21:52:25,595 - INFO - Da Qi shift ranges - Min: 13.0, Ideal: 14.0, Max: 15.0
2026-01-25 21:52:25,993 - INFO - Successfully processed Da Qi: 243 preferences loaded
2026-01-25 21:52:25,993 - INFO - Processing file: C:/Users/Lance/Downloads/2026 01 Selections/Duerksen 2026 01 SL Selections Template.xlsx
2026-01-25 21:52:25,999 - INFO - Processing preferences for: Duerksen
2026-01-25 21:52:26,010 - INFO - Duerksen shift ranges - Min: 2, Ideal: 4, Max: 5
2026-01-25 21:52:26,428 - INFO - Successfully processed Duerksen: 279 preferences loaded
2026-01-25 21:52:26,428 - INFO - Processing file: C:/Users/Lance/Downloads/2026 01 Selections/Feng_2026 01 SL Selections Template.xlsx
2026-01-25 21:52:26,436 - INFO - Processing preferences for: Feng
2026-01-25 21:52:26,447 - INFO - Feng shift ranges - Min: 12.0, Ideal: 12.0, Max: 15.0
2026-01-25 21:52:26,839 - INFO - Successfully processed Feng: 136 preferences loaded
2026-01-25 21:52:26,840 - INFO - Processing file: C:/Users/Lance/Downloads/2026 01 Selections/Gannage 2026 01 SL Selections Template_REV.xlsx
2026-01-25 21:52:26,857 - INFO - Processing preferences for: Gannage
2026-01-25 21:52:26,869 - INFO - Gannage shift ranges - Min: 12, Ideal: 13, Max: None
2026-01-25 21:52:26,869 - ERROR - CRITICAL: Gannage in file C:/Users/Lance/Downloads/2026 01 Selections/Gannage 2026 01 SL Selections Template_REV.xlsx has missing shift range values!
2026-01-25 21:52:26,869 - ERROR -   Min shifts (B42): 12
2026-01-25 21:52:26,869 - ERROR -   Ideal shifts (B43): 13
2026-01-25 21:52:26,869 - ERROR -   Max shifts (B44): None
2026-01-25 21:52:26,869 - WARNING -   Using defaults for Gannage: Min=12, Max=31
2026-01-25 21:52:27,256 - INFO - Successfully processed Gannage: 117 preferences loaded
2026-01-25 21:52:27,256 - INFO - Processing file: C:/Users/Lance/Downloads/2026 01 Selections/GRENIER 2026 01 SL Selections Template.xlsx
2026-01-25 21:52:27,261 - INFO - Processing preferences for: Grenier
2026-01-25 21:52:27,273 - INFO - Grenier shift ranges - Min: 4, Ideal: 4, Max: None
2026-01-25 21:52:27,273 - ERROR - CRITICAL: Grenier in file C:/Users/Lance/Downloads/2026 01 Selections/GRENIER 2026 01 SL Selections Template.xlsx has missing shift range values!
2026-01-25 21:52:27,273 - ERROR -   Min shifts (B42): 4
2026-01-25 21:52:27,273 - ERROR -   Ideal shifts (B43): 4
2026-01-25 21:52:27,273 - ERROR -   Max shifts (B44): None
2026-01-25 21:52:27,273 - WARNING -   Using defaults for Grenier: Min=4, Max=31
2026-01-25 21:52:27,664 - INFO - Successfully processed Grenier: 18 preferences loaded
2026-01-25 21:52:27,664 - INFO - Processing file: C:/Users/Lance/Downloads/2026 01 Selections/Ho_2026 01 SL Selections Template.xlsx
2026-01-25 21:52:27,670 - INFO - Processing preferences for: Ho
2026-01-25 21:52:27,680 - INFO - Ho shift ranges - Min: 12, Ideal: 12, Max: 12
2026-01-25 21:52:28,069 - INFO - Successfully processed Ho: 12 preferences loaded
2026-01-25 21:52:28,069 - INFO - Processing file: C:/Users/Lance/Downloads/2026 01 Selections/Hui 2026 01 SL Selections.xlsx
2026-01-25 21:52:28,075 - INFO - Processing preferences for: Hui
2026-01-25 21:52:28,086 - INFO - Hui shift ranges - Min: 10, Ideal: 17, Max: 22
2026-01-25 21:52:28,494 - INFO - Successfully processed Hui: 39 preferences loaded
2026-01-25 21:52:28,494 - INFO - Processing file: C:/Users/Lance/Downloads/2026 01 Selections/IKONNIKOV_JAN2026_REV.xlsx
2026-01-25 21:52:28,499 - INFO - Processing preferences for: Ikonnikov
2026-01-25 21:52:28,510 - INFO - Ikonnikov shift ranges - Min: 8, Ideal: 12, Max: 14
2026-01-25 21:52:28,901 - INFO - Successfully processed Ikonnikov: 90 preferences loaded
2026-01-25 21:52:28,901 - INFO - Processing file: C:/Users/Lance/Downloads/2026 01 Selections/iMak_2026 01 SL Selections.xlsx
2026-01-25 21:52:28,906 - INFO - Processing preferences for: iMak
2026-01-25 21:52:28,930 - INFO - iMak shift ranges - Min: 9, Ideal: 10, Max: 11
2026-01-25 21:52:29,317 - INFO - Successfully processed iMak: 67 preferences loaded
2026-01-25 21:52:29,317 - INFO - Processing file: C:/Users/Lance/Downloads/2026 01 Selections/Lau 2026 01 SL Selections.xlsx
2026-01-25 21:52:29,323 - INFO - Processing preferences for: Lau
2026-01-25 21:52:29,334 - INFO - Lau shift ranges - Min: 6, Ideal: 7, Max: 8
2026-01-25 21:52:29,732 - INFO - Successfully processed Lau: 70 preferences loaded
2026-01-25 21:52:29,732 - INFO - Processing file: C:/Users/Lance/Downloads/2026 01 Selections/Lee_2026 01 SL Selections Template.xlsx
2026-01-25 21:52:29,738 - INFO - Processing preferences for: Lee
2026-01-25 21:52:29,749 - INFO - Lee shift ranges - Min: None, Ideal: 16, Max: 16
2026-01-25 21:52:29,749 - ERROR - CRITICAL: Lee in file C:/Users/Lance/Downloads/2026 01 Selections/Lee_2026 01 SL Selections Template.xlsx has missing shift range values!
2026-01-25 21:52:29,749 - ERROR -   Min shifts (B42): None
2026-01-25 21:52:29,749 - ERROR -   Ideal shifts (B43): 16
2026-01-25 21:52:29,749 - ERROR -   Max shifts (B44): 16
2026-01-25 21:52:29,749 - WARNING -   Using defaults for Lee: Min=0, Max=16
2026-01-25 21:52:30,134 - INFO - Successfully processed Lee: 96 preferences loaded
2026-01-25 21:52:30,134 - INFO - Processing file: C:/Users/Lance/Downloads/2026 01 Selections/Leung_2026 01 SL Selections Template.xlsx
2026-01-25 21:52:30,141 - INFO - Processing preferences for: Leung
2026-01-25 21:52:30,151 - INFO - Leung shift ranges - Min: 14, Ideal: 17, Max: 20
2026-01-25 21:52:30,557 - INFO - Successfully processed Leung: 175 preferences loaded
2026-01-25 21:52:30,558 - INFO - Processing file: C:/Users/Lance/Downloads/2026 01 Selections/Sethuraman_2026 01 SL Selections_REV.xlsx
2026-01-25 21:52:30,563 - INFO - Processing preferences for: Sethuraman
2026-01-25 21:52:30,574 - INFO - Sethuraman shift ranges - Min: None, Ideal: None, Max: None
2026-01-25 21:52:30,574 - ERROR - CRITICAL: Sethuraman in file C:/Users/Lance/Downloads/2026 01 Selections/Sethuraman_2026 01 SL Selections_REV.xlsx has missing shift range values!
2026-01-25 21:52:30,574 - ERROR -   Min shifts (B42): None
2026-01-25 21:52:30,574 - ERROR -   Ideal shifts (B43): None
2026-01-25 21:52:30,574 - ERROR -   Max shifts (B44): None
2026-01-25 21:52:30,574 - WARNING -   Using defaults for Sethuraman: Min=0, Max=31
2026-01-25 21:52:30,984 - INFO - Successfully processed Sethuraman: 12 preferences loaded
2026-01-25 21:52:30,984 - INFO - Processing file: C:/Users/Lance/Downloads/2026 01 Selections/Shin_2026 01 SL Selections.xlsx
2026-01-25 21:52:31,009 - INFO - Processing preferences for: Shin
2026-01-25 21:52:31,026 - INFO - Shin shift ranges - Min: None, Ideal: 11, Max: None
2026-01-25 21:52:31,026 - ERROR - CRITICAL: Shin in file C:/Users/Lance/Downloads/2026 01 Selections/Shin_2026 01 SL Selections.xlsx has missing shift range values!
2026-01-25 21:52:31,026 - ERROR -   Min shifts (B42): None
2026-01-25 21:52:31,026 - ERROR -   Ideal shifts (B43): 11
2026-01-25 21:52:31,026 - ERROR -   Max shifts (B44): None
2026-01-25 21:52:31,026 - WARNING -   Using defaults for Shin: Min=0, Max=31
2026-01-25 21:52:31,466 - INFO - Successfully processed Shin: 207 preferences loaded
2026-01-25 21:52:31,466 - INFO - Processing file: C:/Users/Lance/Downloads/2026 01 Selections/SHUM_2026 01 SL Selections Template.xlsx
2026-01-25 21:52:31,473 - INFO - Processing preferences for: SHUM
2026-01-25 21:52:31,488 - INFO - SHUM shift ranges - Min: 4, Ideal: 5, Max: 6
2026-01-25 21:52:31,940 - INFO - Successfully processed SHUM: 54 preferences loaded
2026-01-25 21:52:31,940 - INFO - Processing file: C:/Users/Lance/Downloads/2026 01 Selections/Silverstein_2026 01 SL Selections Template.xlsx
2026-01-25 21:52:31,946 - INFO - Processing preferences for: Silverstein
2026-01-25 21:52:31,958 - INFO - Silverstein shift ranges - Min: 8, Ideal: 10, Max: 14
2026-01-25 21:52:32,356 - INFO - Successfully processed Silverstein: 96 preferences loaded
2026-01-25 21:52:32,357 - INFO - Processing file: C:/Users/Lance/Downloads/2026 01 Selections/Sommer_2026 01 SL Selections Template.xlsx
2026-01-25 21:52:32,362 - INFO - Processing preferences for: Sommer
2026-01-25 21:52:32,373 - INFO - Sommer shift ranges - Min: 8, Ideal: 10, Max: 12
2026-01-25 21:52:32,786 - INFO - Successfully processed Sommer: 123 preferences loaded
2026-01-25 21:52:32,786 - INFO - Processing file: C:/Users/Lance/Downloads/2026 01 Selections/Tan_2026 01 SL Selections Template.xlsx
2026-01-25 21:52:32,792 - INFO - Processing preferences for: Tan
2026-01-25 21:52:32,803 - INFO - Tan shift ranges - Min: 12, Ideal: 14, Max: 16
2026-01-25 21:52:33,205 - INFO - Successfully processed Tan: 182 preferences loaded
2026-01-25 21:52:33,205 - INFO - Processing file: C:/Users/Lance/Downloads/2026 01 Selections/Van Heer_2026 01 SL Selections.xlsx
2026-01-25 21:52:33,210 - INFO - Processing preferences for: Van Heer
2026-01-25 21:52:33,221 - INFO - Van Heer shift ranges - Min: 4, Ideal: 6, Max: 8
2026-01-25 21:52:33,624 - INFO - Successfully processed Van Heer: 67 preferences loaded
2026-01-25 21:52:33,624 - INFO - Processing file: C:/Users/Lance/Downloads/2026 01 Selections/Waghmare_2026 01 SL Selections Template_.xlsx
2026-01-25 21:52:33,633 - INFO - Processing preferences for: Waghmare
2026-01-25 21:52:33,644 - INFO - Waghmare shift ranges - Min: 13, Ideal: 13, Max: 14
2026-01-25 21:52:34,053 - INFO - Successfully processed Waghmare: 162 preferences loaded
2026-01-25 21:52:34,053 - INFO - Processing file: C:/Users/Lance/Downloads/2026 01 Selections/Yue_2026 01 SL Selections Template.xlsx
2026-01-25 21:52:34,059 - INFO - Processing preferences for: Yue
2026-01-25 21:52:34,069 - INFO - Yue shift ranges - Min: 1, Ideal: 1, Max: 2
2026-01-25 21:52:34,453 - INFO - Successfully processed Yue: 12 preferences loaded
2026-01-25 21:52:34,455 - INFO - Starting schedule generation...
2026-01-25 21:52:34,455 - INFO - Total physicians: 24
2026-01-25 21:52:34,455 - INFO - Total dates: 31
2026-01-25 21:52:34,455 - INFO - Date range: 2026-01-01 to 2026-01-31
2026-01-25 21:52:35,726 - INFO - Schedule saved to C:/Users/Lance/Downloads/2026 01 Selections/master.xlsx
2026-01-25 21:53:01,089 - INFO - Processing file: C:/Users/Lance/Downloads/2026 01 Selections/Puri_2024 01.xlsx
2026-01-25 21:53:01,096 - INFO - Processing preferences for: Puri
2026-01-25 21:53:01,112 - INFO - Puri shift ranges - Min: 20, Ideal: 20, Max: 25
2026-01-25 21:53:01,507 - INFO - Successfully processed Puri: 21 preferences loaded
2026-01-25 21:53:01,507 - INFO - Processing file: C:/Users/Lance/Downloads/2026 01 Selections/Adamson_2026 01 SL Selections Template_REV.xlsx
2026-01-25 21:53:01,513 - INFO - Processing preferences for: Adamson
2026-01-25 21:53:01,524 - INFO - Adamson shift ranges - Min: 0, Ideal: 2, Max: 2
2026-01-25 21:53:01,911 - INFO - Successfully processed Adamson: 15 preferences loaded
2026-01-25 21:53:01,911 - INFO - Processing file: C:/Users/Lance/Downloads/2026 01 Selections/Chan 2026 01 SL Selections .xlsx
2026-01-25 21:53:01,917 - INFO - Processing preferences for: Chan
2026-01-25 21:53:01,927 - INFO - Chan shift ranges - Min: None, Ideal: 14, Max: None
2026-01-25 21:53:01,927 - ERROR - CRITICAL: Chan in file C:/Users/Lance/Downloads/2026 01 Selections/Chan 2026 01 SL Selections .xlsx has missing shift range values!
2026-01-25 21:53:01,927 - ERROR -   Min shifts (B42): None
2026-01-25 21:53:01,927 - ERROR -   Ideal shifts (B43): 14
2026-01-25 21:53:01,927 - ERROR -   Max shifts (B44): None
2026-01-25 21:53:01,927 - WARNING -   Using defaults for Chan: Min=0, Max=31
2026-01-25 21:53:02,338 - INFO - Successfully processed Chan: 85 preferences loaded
2026-01-25 21:53:02,338 - INFO - Processing file: C:/Users/Lance/Downloads/2026 01 Selections/Da Qi_2026 01 SL Selections Template.xlsx
2026-01-25 21:53:02,345 - INFO - Processing preferences for: Da Qi
2026-01-25 21:53:02,356 - INFO - Da Qi shift ranges - Min: 13.0, Ideal: 14.0, Max: 15.0
2026-01-25 21:53:02,765 - INFO - Successfully processed Da Qi: 243 preferences loaded
2026-01-25 21:53:02,766 - INFO - Processing file: C:/Users/Lance/Downloads/2026 01 Selections/Duerksen 2026 01 SL Selections Template.xlsx
2026-01-25 21:53:02,772 - INFO - Processing preferences for: Duerksen
2026-01-25 21:53:02,782 - INFO - Duerksen shift ranges - Min: 2, Ideal: 4, Max: 5
2026-01-25 21:53:03,192 - INFO - Successfully processed Duerksen: 279 preferences loaded
2026-01-25 21:53:03,192 - INFO - Processing file: C:/Users/Lance/Downloads/2026 01 Selections/Feng_2026 01 SL Selections Template.xlsx
2026-01-25 21:53:03,200 - INFO - Processing preferences for: Feng
2026-01-25 21:53:03,211 - INFO - Feng shift ranges - Min: 12.0, Ideal: 12.0, Max: 15.0
2026-01-25 21:53:03,629 - INFO - Successfully processed Feng: 136 preferences loaded
2026-01-25 21:53:03,629 - INFO - Processing file: C:/Users/Lance/Downloads/2026 01 Selections/Gannage 2026 01 SL Selections Template_REV.xlsx
2026-01-25 21:53:03,635 - INFO - Processing preferences for: Gannage
2026-01-25 21:53:03,646 - INFO - Gannage shift ranges - Min: 12, Ideal: 13, Max: None
2026-01-25 21:53:03,646 - ERROR - CRITICAL: Gannage in file C:/Users/Lance/Downloads/2026 01 Selections/Gannage 2026 01 SL Selections Template_REV.xlsx has missing shift range values!
2026-01-25 21:53:03,646 - ERROR -   Min shifts (B42): 12
2026-01-25 21:53:03,646 - ERROR -   Ideal shifts (B43): 13
2026-01-25 21:53:03,646 - ERROR -   Max shifts (B44): None
2026-01-25 21:53:03,646 - WARNING -   Using defaults for Gannage: Min=12, Max=31
2026-01-25 21:53:04,033 - INFO - Successfully processed Gannage: 117 preferences loaded
2026-01-25 21:53:04,033 - INFO - Processing file: C:/Users/Lance/Downloads/2026 01 Selections/GRENIER 2026 01 SL Selections Template.xlsx
2026-01-25 21:53:04,038 - INFO - Processing preferences for: Grenier
2026-01-25 21:53:04,062 - INFO - Grenier shift ranges - Min: 4, Ideal: 4, Max: None
2026-01-25 21:53:04,062 - ERROR - CRITICAL: Grenier in file C:/Users/Lance/Downloads/2026 01 Selections/GRENIER 2026 01 SL Selections Template.xlsx has missing shift range values!
2026-01-25 21:53:04,062 - ERROR -   Min shifts (B42): 4
2026-01-25 21:53:04,062 - ERROR -   Ideal shifts (B43): 4
2026-01-25 21:53:04,062 - ERROR -   Max shifts (B44): None
2026-01-25 21:53:04,062 - WARNING -   Using defaults for Grenier: Min=4, Max=31
2026-01-25 21:53:04,442 - INFO - Successfully processed Grenier: 18 preferences loaded
2026-01-25 21:53:04,442 - INFO - Processing file: C:/Users/Lance/Downloads/2026 01 Selections/Ho_2026 01 SL Selections Template.xlsx
2026-01-25 21:53:04,447 - INFO - Processing preferences for: Ho
2026-01-25 21:53:04,459 - INFO - Ho shift ranges - Min: 12, Ideal: 12, Max: 12
2026-01-25 21:53:04,862 - INFO - Successfully processed Ho: 12 preferences loaded
2026-01-25 21:53:04,862 - INFO - Processing file: C:/Users/Lance/Downloads/2026 01 Selections/Hui 2026 01 SL Selections.xlsx
2026-01-25 21:53:04,869 - INFO - Processing preferences for: Hui
2026-01-25 21:53:04,880 - INFO - Hui shift ranges - Min: 10, Ideal: 17, Max: 22
2026-01-25 21:53:05,276 - INFO - Successfully processed Hui: 39 preferences loaded
2026-01-25 21:53:05,276 - INFO - Processing file: C:/Users/Lance/Downloads/2026 01 Selections/IKONNIKOV_JAN2026_REV.xlsx
2026-01-25 21:53:05,281 - INFO - Processing preferences for: Ikonnikov
2026-01-25 21:53:05,292 - INFO - Ikonnikov shift ranges - Min: 8, Ideal: 12, Max: 14
2026-01-25 21:53:05,697 - INFO - Successfully processed Ikonnikov: 90 preferences loaded
2026-01-25 21:53:05,697 - INFO - Processing file: C:/Users/Lance/Downloads/2026 01 Selections/iMak_2026 01 SL Selections.xlsx
2026-01-25 21:53:05,703 - INFO - Processing preferences for: iMak
2026-01-25 21:53:05,714 - INFO - iMak shift ranges - Min: 9, Ideal: 10, Max: 11
2026-01-25 21:53:06,118 - INFO - Successfully processed iMak: 67 preferences loaded
2026-01-25 21:53:06,118 - INFO - Processing file: C:/Users/Lance/Downloads/2026 01 Selections/Lau 2026 01 SL Selections.xlsx
2026-01-25 21:53:06,124 - INFO - Processing preferences for: Lau
2026-01-25 21:53:06,135 - INFO - Lau shift ranges - Min: 6, Ideal: 7, Max: 8
2026-01-25 21:53:06,540 - INFO - Successfully processed Lau: 70 preferences loaded
2026-01-25 21:53:06,540 - INFO - Processing file: C:/Users/Lance/Downloads/2026 01 Selections/Lee_2026 01 SL Selections Template.xlsx
2026-01-25 21:53:06,546 - INFO - Processing preferences for: Lee
2026-01-25 21:53:06,556 - INFO - Lee shift ranges - Min: None, Ideal: 16, Max: 16
2026-01-25 21:53:06,556 - ERROR - CRITICAL: Lee in file C:/Users/Lance/Downloads/2026 01 Selections/Lee_2026 01 SL Selections Template.xlsx has missing shift range values!
2026-01-25 21:53:06,556 - ERROR -   Min shifts (B42): None
2026-01-25 21:53:06,556 - ERROR -   Ideal shifts (B43): 16
2026-01-25 21:53:06,556 - ERROR -   Max shifts (B44): 16
2026-01-25 21:53:06,556 - WARNING -   Using defaults for Lee: Min=0, Max=16
2026-01-25 21:53:06,956 - INFO - Successfully processed Lee: 96 preferences loaded
2026-01-25 21:53:06,956 - INFO - Processing file: C:/Users/Lance/Downloads/2026 01 Selections/Leung_2026 01 SL Selections Template.xlsx
2026-01-25 21:53:06,961 - INFO - Processing preferences for: Leung
2026-01-25 21:53:06,972 - INFO - Leung shift ranges - Min: 14, Ideal: 17, Max: 20
2026-01-25 21:53:07,375 - INFO - Successfully processed Leung: 175 preferences loaded
2026-01-25 21:53:07,376 - INFO - Processing file: C:/Users/Lance/Downloads/2026 01 Selections/Sethuraman_2026 01 SL Selections_REV.xlsx
2026-01-25 21:53:07,381 - INFO - Processing preferences for: Sethuraman
2026-01-25 21:53:07,392 - INFO - Sethuraman shift ranges - Min: None, Ideal: None, Max: None
2026-01-25 21:53:07,392 - ERROR - CRITICAL: Sethuraman in file C:/Users/Lance/Downloads/2026 01 Selections/Sethuraman_2026 01 SL Selections_REV.xlsx has missing shift range values!
2026-01-25 21:53:07,392 - ERROR -   Min shifts (B42): None
2026-01-25 21:53:07,392 - ERROR -   Ideal shifts (B43): None
2026-01-25 21:53:07,392 - ERROR -   Max shifts (B44): None
2026-01-25 21:53:07,392 - WARNING -   Using defaults for Sethuraman: Min=0, Max=31
2026-01-25 21:53:07,786 - INFO - Successfully processed Sethuraman: 12 preferences loaded
2026-01-25 21:53:07,786 - INFO - Processing file: C:/Users/Lance/Downloads/2026 01 Selections/Shin_2026 01 SL Selections.xlsx
2026-01-25 21:53:07,792 - INFO - Processing preferences for: Shin
2026-01-25 21:53:07,803 - INFO - Shin shift ranges - Min: None, Ideal: 11, Max: None
2026-01-25 21:53:07,803 - ERROR - CRITICAL: Shin in file C:/Users/Lance/Downloads/2026 01 Selections/Shin_2026 01 SL Selections.xlsx has missing shift range values!
2026-01-25 21:53:07,803 - ERROR -   Min shifts (B42): None
2026-01-25 21:53:07,803 - ERROR -   Ideal shifts (B43): 11
2026-01-25 21:53:07,803 - ERROR -   Max shifts (B44): None
2026-01-25 21:53:07,803 - WARNING -   Using defaults for Shin: Min=0, Max=31
2026-01-25 21:53:08,205 - INFO - Successfully processed Shin: 207 preferences loaded
2026-01-25 21:53:08,205 - INFO - Processing file: C:/Users/Lance/Downloads/2026 01 Selections/SHUM_2026 01 SL Selections Template.xlsx
2026-01-25 21:53:08,211 - INFO - Processing preferences for: Shum
2026-01-25 21:53:08,222 - INFO - Shum shift ranges - Min: 4, Ideal: 5, Max: 6
2026-01-25 21:53:08,638 - INFO - Successfully processed Shum: 54 preferences loaded
2026-01-25 21:53:08,639 - INFO - Processing file: C:/Users/Lance/Downloads/2026 01 Selections/Silverstein_2026 01 SL Selections Template.xlsx
2026-01-25 21:53:08,644 - INFO - Processing preferences for: Silverstein
2026-01-25 21:53:08,656 - INFO - Silverstein shift ranges - Min: 8, Ideal: 10, Max: 14
2026-01-25 21:53:09,047 - INFO - Successfully processed Silverstein: 96 preferences loaded
2026-01-25 21:53:09,048 - INFO - Processing file: C:/Users/Lance/Downloads/2026 01 Selections/Sommer_2026 01 SL Selections Template.xlsx
2026-01-25 21:53:09,053 - INFO - Processing preferences for: Sommer
2026-01-25 21:53:09,077 - INFO - Sommer shift ranges - Min: 8, Ideal: 10, Max: 12
2026-01-25 21:53:09,468 - INFO - Successfully processed Sommer: 123 preferences loaded
2026-01-25 21:53:09,468 - INFO - Processing file: C:/Users/Lance/Downloads/2026 01 Selections/Tan_2026 01 SL Selections Template.xlsx
2026-01-25 21:53:09,473 - INFO - Processing preferences for: Tan
2026-01-25 21:53:09,485 - INFO - Tan shift ranges - Min: 12, Ideal: 14, Max: 16
2026-01-25 21:53:09,894 - INFO - Successfully processed Tan: 182 preferences loaded
2026-01-25 21:53:09,894 - INFO - Processing file: C:/Users/Lance/Downloads/2026 01 Selections/Van Heer_2026 01 SL Selections.xlsx
2026-01-25 21:53:09,900 - INFO - Processing preferences for: Van Heer
2026-01-25 21:53:09,912 - INFO - Van Heer shift ranges - Min: 4, Ideal: 6, Max: 8
2026-01-25 21:53:10,303 - INFO - Successfully processed Van Heer: 67 preferences loaded
2026-01-25 21:53:10,303 - INFO - Processing file: C:/Users/Lance/Downloads/2026 01 Selections/Waghmare_2026 01 SL Selections Template_.xlsx
2026-01-25 21:53:10,310 - INFO - Processing preferences for: Waghmare
2026-01-25 21:53:10,321 - INFO - Waghmare shift ranges - Min: 13, Ideal: 13, Max: 14
2026-01-25 21:53:10,730 - INFO - Successfully processed Waghmare: 162 preferences loaded
2026-01-25 21:53:10,730 - INFO - Processing file: C:/Users/Lance/Downloads/2026 01 Selections/Yue_2026 01 SL Selections Template.xlsx
2026-01-25 21:53:10,735 - INFO - Processing preferences for: Yue
2026-01-25 21:53:10,746 - INFO - Yue shift ranges - Min: 1, Ideal: 1, Max: 2
2026-01-25 21:53:11,131 - INFO - Successfully processed Yue: 12 preferences loaded
2026-01-25 21:53:11,156 - INFO - Starting schedule generation...
2026-01-25 21:53:11,156 - INFO - Total physicians: 24
2026-01-25 21:53:11,156 - INFO - Total dates: 31
2026-01-25 21:53:11,156 - INFO - Date range: 2026-01-01 to 2026-01-31
2026-01-25 21:53:12,543 - INFO - Schedule saved to C:/Users/Lance/Downloads/2026 01 Selections/master.xlsx
